launcher/build/intermediates/manifest_merge_blame_file/debug/manifest-merger-blame-debug-report.txt
1<?xml version="1.0" encoding="utf-8"?>
2<!-- GENERATED BY UNITY. REMOVE THIS COMMENT TO PREVENT OVERWRITING WHEN EXPORTING AGAIN -->
3<manifest xmlns:android="http://schemas.android.com/apk/res/android"
4    package="com.DefaultCompany.SentryTest09"
5    android:installLocation="preferExternal"
6    android:versionCode="1"
7    android:versionName="0.1" >
8
9    <uses-sdk
10        android:minSdkVersion="19"
10-->src/main/AndroidManifest.xml
11        android:targetSdkVersion="29" />
11-->src/main/AndroidManifest.xml
12
13    <supports-screens
13-->src/main/AndroidManifest.xml:4:3-163
14        android:anyDensity="true"
14-->src/main/AndroidManifest.xml:4:135-160
15        android:largeScreens="true"
15-->src/main/AndroidManifest.xml:4:78-105
16        android:normalScreens="true"
16-->src/main/AndroidManifest.xml:4:49-77
17        android:smallScreens="true"
17-->src/main/AndroidManifest.xml:4:21-48
18        android:xlargeScreens="true" />
18-->src/main/AndroidManifest.xml:4:106-134
19
20    <uses-permission android:name="android.permission.INTERNET" />
20-->[:unityLibrary] AndroidManifest.xml:13:5-67
20-->[:unityLibrary] AndroidManifest.xml:13:22-64
21    <uses-permission android:name="android.permission.ACCESS_NETWORK_STATE" />
21-->[:unityLibrary] AndroidManifest.xml:14:5-79
21-->[:unityLibrary] AndroidManifest.xml:14:22-76
22
23    <uses-feature android:glEsVersion="0x00030000" />
23-->[:unityLibrary] AndroidManifest.xml:16:5-54
23-->[:unityLibrary] AndroidManifest.xml:16:19-51
24    <uses-feature
24-->[:unityLibrary] AndroidManifest.xml:17:5-19:36
25        android:name="android.hardware.vulkan.version"
25-->[:unityLibrary] AndroidManifest.xml:18:9-55
26        android:required="false" />
26-->[:unityLibrary] AndroidManifest.xml:19:9-33
27    <uses-feature
27-->[:unityLibrary] AndroidManifest.xml:20:5-22:36
28        android:name="android.hardware.touchscreen"
28-->[:unityLibrary] AndroidManifest.xml:21:9-52
29        android:required="false" />
29-->[:unityLibrary] AndroidManifest.xml:22:9-33
30    <uses-feature
30-->[:unityLibrary] AndroidManifest.xml:23:5-25:36
31        android:name="android.hardware.touchscreen.multitouch"
31-->[:unityLibrary] AndroidManifest.xml:24:9-63
32        android:required="false" />
32-->[:unityLibrary] AndroidManifest.xml:25:9-33
33    <uses-feature
33-->[:unityLibrary] AndroidManifest.xml:26:5-28:36
34        android:name="android.hardware.touchscreen.multitouch.distinct"
34-->[:unityLibrary] AndroidManifest.xml:27:9-72
35        android:required="false" />
35-->[:unityLibrary] AndroidManifest.xml:28:9-33
36
37    <application
37-->src/main/AndroidManifest.xml:5:3-116
38        android:debuggable="true"
39        android:extractNativeLibs="true"
39-->src/main/AndroidManifest.xml:5:16-48
40        android:icon="@mipmap/app_icon"
40-->src/main/AndroidManifest.xml:5:82-113
41        android:label="@string/app_name"
41-->src/main/AndroidManifest.xml:5:49-81
42        android:testOnly="true" >
43        <activity
43-->[:unityLibrary] AndroidManifest.xml:31:9-50:20
44            android:name="com.unity3d.player.UnityPlayerActivity"
44-->[:unityLibrary] AndroidManifest.xml:32:13-66
45            android:configChanges="mcc|mnc|locale|touchscreen|keyboard|keyboardHidden|navigation|orientation|screenLayout|uiMode|screenSize|smallestScreenSize|fontScale|layoutDirection|density"
45-->[:unityLibrary] AndroidManifest.xml:33:13-194
46            android:hardwareAccelerated="false"
46-->[:unityLibrary] AndroidManifest.xml:34:13-48
47            android:launchMode="singleTask"
47-->[:unityLibrary] AndroidManifest.xml:35:13-44
48            android:screenOrientation="fullSensor"
48-->[:unityLibrary] AndroidManifest.xml:36:13-51
49            android:theme="@style/UnityThemeSelector" >
49-->[:unityLibrary] AndroidManifest.xml:37:13-54
50            <intent-filter>
50-->[:unityLibrary] AndroidManifest.xml:38:13-42:29
51                <action android:name="android.intent.action.MAIN" />
51-->[:unityLibrary] AndroidManifest.xml:39:17-69
51-->[:unityLibrary] AndroidManifest.xml:39:25-66
52
53                <category android:name="android.intent.category.LAUNCHER" />
53-->[:unityLibrary] AndroidManifest.xml:41:17-77
53-->[:unityLibrary] AndroidManifest.xml:41:27-74
54            </intent-filter>
55
56            <meta-data
56-->[:unityLibrary] AndroidManifest.xml:44:13-46:40
57                android:name="unityplayer.UnityActivity"
57-->[:unityLibrary] AndroidManifest.xml:45:17-57
58                android:value="true" />
58-->[:unityLibrary] AndroidManifest.xml:46:17-37
59            <meta-data
59-->[:unityLibrary] AndroidManifest.xml:47:13-49:40
60                android:name="android.notch_support"
60-->[:unityLibrary] AndroidManifest.xml:48:17-53
61                android:value="true" />
61-->[:unityLibrary] AndroidManifest.xml:49:17-37
62        </activity>
63
64        <meta-data
64-->[:unityLibrary] AndroidManifest.xml:52:9-54:95
65            android:name="io.sentry.dsn"
65-->[:unityLibrary] AndroidManifest.xml:53:13-41
66            android:value="https://0e4e445b0706421bba4b91d957acb0c6@crash.tennisfeed.net/2" />
66-->[:unityLibrary] AndroidManifest.xml:54:13-92
67        <meta-data
67-->[:unityLibrary] AndroidManifest.xml:55:9-57:33
68            android:name="unity.splash-mode"
68-->[:unityLibrary] AndroidManifest.xml:56:13-45
69            android:value="0" />
69-->[:unityLibrary] AndroidManifest.xml:57:13-30
70        <meta-data
70-->[:unityLibrary] AndroidManifest.xml:58:9-60:36
71            android:name="unity.splash-enable"
71-->[:unityLibrary] AndroidManifest.xml:59:13-47
72            android:value="True" />
72-->[:unityLibrary] AndroidManifest.xml:60:13-33
73        <meta-data
73-->[:unityLibrary] AndroidManifest.xml:61:9-63:50
74            android:name="notch.config"
74-->[:unityLibrary] AndroidManifest.xml:62:13-40
75            android:value="portrait|landscape" />
75-->[:unityLibrary] AndroidManifest.xml:63:13-47
76        <meta-data
76-->[:unityLibrary] AndroidManifest.xml:64:9-66:68
77            android:name="unity.build-id"
77-->[:unityLibrary] AndroidManifest.xml:65:13-42
78            android:value="d074f022-c1f8-439b-a099-8e6ee4958ccf" />
78-->[:unityLibrary] AndroidManifest.xml:66:13-65
79
80        <provider
80-->[:androidx.lifecycle.lifecycle-process-2.2.0:] AndroidManifest.xml:20:5-209
81            android:name="androidx.lifecycle.ProcessLifecycleOwnerInitializer"
81-->[:androidx.lifecycle.lifecycle-process-2.2.0:] AndroidManifest.xml:20:15-81
82            android:authorities="com.DefaultCompany.SentryTest09.lifecycle-process"
82-->[:androidx.lifecycle.lifecycle-process-2.2.0:] AndroidManifest.xml:20:82-153
83            android:exported="false"
83-->[:androidx.lifecycle.lifecycle-process-2.2.0:] AndroidManifest.xml:20:154-178
84            android:multiprocess="true" /> <!-- 'android:authorities' must be unique in the device, across all apps -->
84-->[:androidx.lifecycle.lifecycle-process-2.2.0:] AndroidManifest.xml:20:179-206
85        <provider
85-->[:io.sentry.sentry-android-core-5.0.1:] AndroidManifest.xml:7:5-172
86            android:name="io.sentry.android.core.SentryInitProvider"
86-->[:io.sentry.sentry-android-core-5.0.1:] AndroidManifest.xml:7:15-71
87            android:authorities="com.DefaultCompany.SentryTest09.SentryInitProvider"
87-->[:io.sentry.sentry-android-core-5.0.1:] AndroidManifest.xml:7:72-144
88            android:exported="false" />
88-->[:io.sentry.sentry-android-core-5.0.1:] AndroidManifest.xml:7:145-169
89    </application>
90
91</manifest>